[0.032s] Invoking command in '/workspaces/isaac_ros-dev/build/qcar2_interfaces': CMAKE_PREFIX_PATH=${CMAKE_PREFIX_PATH}:/workspaces/isaac_ros-dev/install/qcar2_autonomy:/workspace/cartographer_ws/install/isaac_ros_test:/opt/ros/humble /usr/bin/cmake --build /workspaces/isaac_ros-dev/build/qcar2_interfaces -- -j28 -l28
[0.045s] -- Found ament_cmake: 1.3.5 (/opt/ros/humble/share/ament_cmake/cmake)
[0.120s] -- Found rosidl_default_generators: 1.2.0 (/opt/ros/humble/share/rosidl_default_generators/cmake)
[0.122s] -- Using all available rosidl_typesupport_c: rosidl_typesupport_fastrtps_c;rosidl_typesupport_introspection_c
[0.123s] -- Found rosidl_adapter: 3.1.5 (/opt/ros/humble/share/rosidl_adapter/cmake)
[0.142s] -- Using all available rosidl_typesupport_cpp: rosidl_typesupport_fastrtps_cpp;rosidl_typesupport_introspection_cpp
[0.256s] -- Found ament_cmake_ros: 0.10.0 (/opt/ros/humble/share/ament_cmake_ros/cmake)
[0.311s] -- Using all available rosidl_typesupport_c: rosidl_typesupport_fastrtps_c;rosidl_typesupport_introspection_c
[0.397s] -- Using all available rosidl_typesupport_cpp: rosidl_typesupport_fastrtps_cpp;rosidl_typesupport_introspection_cpp
[0.413s] -- Found python_cmake_module: 0.10.0 (/opt/ros/humble/share/python_cmake_module/cmake)
[0.429s] -- Using PYTHON_EXECUTABLE: /usr/bin/python3
[0.429s] -- Using PYTHON_INCLUDE_DIRS: /usr/include/python3.8
[0.429s] -- Using PYTHON_LIBRARIES: /usr/lib/x86_64-linux-gnu/libpython3.8.so
[0.439s] -- Found ament_lint_auto: 0.12.8 (/opt/ros/humble/share/ament_lint_auto/cmake)
[0.442s] -- Added test 'lint_cmake' to check CMake code style
[0.443s] -- Added test 'xmllint' to check XML markup files
[0.443s] -- Configuring done
[0.456s] -- Generating done
[0.457s] -- Build files have been written to: /workspaces/isaac_ros-dev/build/qcar2_interfaces
[0.472s] [35m[1mConsolidate compiler generated dependencies of target qcar2_interfaces__rosidl_generator_c[0m
[0.476s] [  2%] Built target qcar2_interfaces__cpp
[0.476s] [  2%] Built target ament_cmake_python_copy_qcar2_interfaces
[0.478s] [  5%] [32mBuilding C object CMakeFiles/qcar2_interfaces__rosidl_generator_c.dir/rosidl_generator_c/qcar2_interfaces/msg/detail/boolean_leds__functions.c.o[0m
[0.478s] [  7%] [32mBuilding C object CMakeFiles/qcar2_interfaces__rosidl_generator_c.dir/rosidl_generator_c/qcar2_interfaces/msg/detail/motor_commands__functions.c.o[0m
[0.483s] [35m[1mConsolidate compiler generated dependencies of target qcar2_interfaces__rosidl_typesupport_introspection_cpp[0m
[0.483s] [35m[1mConsolidate compiler generated dependencies of target qcar2_interfaces__rosidl_typesupport_cpp[0m
[0.483s] [35m[1mConsolidate compiler generated dependencies of target qcar2_interfaces__rosidl_typesupport_fastrtps_cpp[0m
[0.488s] [ 10%] [32mBuilding CXX object CMakeFiles/qcar2_interfaces__rosidl_typesupport_introspection_cpp.dir/rosidl_typesupport_introspection_cpp/qcar2_interfaces/msg/detail/motor_commands__type_support.cpp.o[0m
[0.488s] [ 12%] [32mBuilding CXX object CMakeFiles/qcar2_interfaces__rosidl_typesupport_cpp.dir/rosidl_typesupport_cpp/qcar2_interfaces/msg/motor_commands__type_support.cpp.o[0m
[0.489s] [ 15%] [32mBuilding CXX object CMakeFiles/qcar2_interfaces__rosidl_typesupport_fastrtps_cpp.dir/rosidl_typesupport_fastrtps_cpp/qcar2_interfaces/msg/detail/dds_fastrtps/motor_commands__type_support.cpp.o[0m
[0.489s] [ 17%] [32mBuilding CXX object CMakeFiles/qcar2_interfaces__rosidl_typesupport_introspection_cpp.dir/rosidl_typesupport_introspection_cpp/qcar2_interfaces/msg/detail/boolean_leds__type_support.cpp.o[0m
[0.490s] [ 20%] [32mBuilding CXX object CMakeFiles/qcar2_interfaces__rosidl_typesupport_cpp.dir/rosidl_typesupport_cpp/qcar2_interfaces/msg/boolean_leds__type_support.cpp.o[0m
[0.490s] [ 23%] [32mBuilding CXX object CMakeFiles/qcar2_interfaces__rosidl_typesupport_fastrtps_cpp.dir/rosidl_typesupport_fastrtps_cpp/qcar2_interfaces/msg/detail/dds_fastrtps/boolean_leds__type_support.cpp.o[0m
[0.505s] [ 25%] [32m[1mLinking C shared library libqcar2_interfaces__rosidl_generator_c.so[0m
[0.524s] [ 28%] Built target qcar2_interfaces__rosidl_generator_c
[0.533s] [35m[1mConsolidate compiler generated dependencies of target qcar2_interfaces__rosidl_typesupport_c[0m
[0.533s] [35m[1mConsolidate compiler generated dependencies of target qcar2_interfaces__rosidl_typesupport_introspection_c[0m
[0.533s] [35m[1mConsolidate compiler generated dependencies of target qcar2_interfaces__rosidl_typesupport_fastrtps_c[0m
[0.538s] [ 30%] [32mBuilding CXX object CMakeFiles/qcar2_interfaces__rosidl_typesupport_c.dir/rosidl_typesupport_c/qcar2_interfaces/msg/motor_commands__type_support.cpp.o[0m
[0.539s] [ 38%] [32mBuilding CXX object CMakeFiles/qcar2_interfaces__rosidl_typesupport_c.dir/rosidl_typesupport_c/qcar2_interfaces/msg/boolean_leds__type_support.cpp.o[0m
[0.539s] [ 38%] [32mBuilding C object CMakeFiles/qcar2_interfaces__rosidl_typesupport_introspection_c.dir/rosidl_typesupport_introspection_c/qcar2_interfaces/msg/detail/motor_commands__type_support.c.o[0m
[0.540s] [ 38%] [32mBuilding C object CMakeFiles/qcar2_interfaces__rosidl_typesupport_introspection_c.dir/rosidl_typesupport_introspection_c/qcar2_interfaces/msg/detail/boolean_leds__type_support.c.o[0m
[0.541s] [ 41%] [32mBuilding CXX object CMakeFiles/qcar2_interfaces__rosidl_typesupport_fastrtps_c.dir/rosidl_typesupport_fastrtps_c/qcar2_interfaces/msg/detail/motor_commands__type_support_c.cpp.o[0m
[0.541s] [ 43%] [32mBuilding CXX object CMakeFiles/qcar2_interfaces__rosidl_typesupport_fastrtps_c.dir/rosidl_typesupport_fastrtps_c/qcar2_interfaces/msg/detail/boolean_leds__type_support_c.cpp.o[0m
[0.563s] [ 46%] [32m[1mLinking CXX shared library libqcar2_interfaces__rosidl_typesupport_c.so[0m
[0.570s] [ 48%] [32m[1mLinking C shared library libqcar2_interfaces__rosidl_typesupport_introspection_c.so[0m
[0.586s] [ 51%] Built target qcar2_interfaces__rosidl_typesupport_introspection_c
[0.588s] [ 53%] Built target qcar2_interfaces__rosidl_typesupport_c
[0.612s] [ 56%] [32m[1mLinking CXX shared library libqcar2_interfaces__rosidl_typesupport_cpp.so[0m
[0.637s] [ 58%] Built target qcar2_interfaces__rosidl_typesupport_cpp
[0.660s] running egg_info
[0.666s] writing qcar2_interfaces.egg-info/PKG-INFO
[0.666s] writing dependency_links to qcar2_interfaces.egg-info/dependency_links.txt
[0.666s] writing top-level names to qcar2_interfaces.egg-info/top_level.txt
[0.682s] reading manifest file 'qcar2_interfaces.egg-info/SOURCES.txt'
[0.682s] writing manifest file 'qcar2_interfaces.egg-info/SOURCES.txt'
[0.703s] [ 58%] Built target ament_cmake_python_build_qcar2_interfaces_egg
[0.723s] [ 61%] [32m[1mLinking CXX shared library libqcar2_interfaces__rosidl_typesupport_fastrtps_c.so[0m
[0.733s] [ 64%] [32m[1mLinking CXX shared library libqcar2_interfaces__rosidl_typesupport_introspection_cpp.so[0m
[0.764s] [ 66%] Built target qcar2_interfaces__rosidl_typesupport_fastrtps_c
[0.770s] [ 69%] Built target qcar2_interfaces__rosidl_typesupport_introspection_cpp
[0.796s] [ 71%] [32m[1mLinking CXX shared library libqcar2_interfaces__rosidl_typesupport_fastrtps_cpp.so[0m
[0.832s] [ 74%] Built target qcar2_interfaces__rosidl_typesupport_fastrtps_cpp
[0.843s] [ 74%] Built target qcar2_interfaces
[0.852s] [ 76%] Built target qcar2_interfaces__py
[0.857s] [35m[1mConsolidate compiler generated dependencies of target qcar2_interfaces__rosidl_generator_py[0m
[0.863s] [ 79%] [32mBuilding C object CMakeFiles/qcar2_interfaces__rosidl_generator_py.dir/rosidl_generator_py/qcar2_interfaces/msg/_boolean_leds_s.c.o[0m
[0.863s] [ 82%] [32mBuilding C object CMakeFiles/qcar2_interfaces__rosidl_generator_py.dir/rosidl_generator_py/qcar2_interfaces/msg/_motor_commands_s.c.o[0m
[0.916s] [ 84%] [32m[1mLinking C shared library rosidl_generator_py/qcar2_interfaces/libqcar2_interfaces__rosidl_generator_py.so[0m
[0.940s] [ 84%] Built target qcar2_interfaces__rosidl_generator_py
[0.944s] [35m[1mConsolidate compiler generated dependencies of target qcar2_interfaces__rosidl_typesupport_fastrtps_c__pyext[0m
[0.945s] [35m[1mConsolidate compiler generated dependencies of target qcar2_interfaces__rosidl_typesupport_c__pyext[0m
[0.945s] [35m[1mConsolidate compiler generated dependencies of target qcar2_interfaces__rosidl_typesupport_introspection_c__pyext[0m
[0.950s] [ 87%] [32mBuilding C object CMakeFiles/qcar2_interfaces__rosidl_typesupport_fastrtps_c__pyext.dir/rosidl_generator_py/qcar2_interfaces/_qcar2_interfaces_s.ep.rosidl_typesupport_fastrtps_c.c.o[0m
[0.951s] [ 89%] [32mBuilding C object CMakeFiles/qcar2_interfaces__rosidl_typesupport_c__pyext.dir/rosidl_generator_py/qcar2_interfaces/_qcar2_interfaces_s.ep.rosidl_typesupport_c.c.o[0m
[0.951s] [ 92%] [32mBuilding C object CMakeFiles/qcar2_interfaces__rosidl_typesupport_introspection_c__pyext.dir/rosidl_generator_py/qcar2_interfaces/_qcar2_interfaces_s.ep.rosidl_typesupport_introspection_c.c.o[0m
[0.994s] [ 94%] [32m[1mLinking C shared library rosidl_generator_py/qcar2_interfaces/qcar2_interfaces_s__rosidl_typesupport_c.cpython-38-x86_64-linux-gnu.so[0m
[0.994s] [ 97%] [32m[1mLinking C shared library rosidl_generator_py/qcar2_interfaces/qcar2_interfaces_s__rosidl_typesupport_introspection_c.cpython-38-x86_64-linux-gnu.so[0m
[0.996s] [100%] [32m[1mLinking C shared library rosidl_generator_py/qcar2_interfaces/qcar2_interfaces_s__rosidl_typesupport_fastrtps_c.cpython-38-x86_64-linux-gnu.so[0m
[1.010s] [100%] Built target qcar2_interfaces__rosidl_typesupport_introspection_c__pyext
[1.013s] [100%] Built target qcar2_interfaces__rosidl_typesupport_fastrtps_c__pyext
[1.013s] [100%] Built target qcar2_interfaces__rosidl_typesupport_c__pyext
[1.017s] Invoked command in '/workspaces/isaac_ros-dev/build/qcar2_interfaces' returned '0': CMAKE_PREFIX_PATH=${CMAKE_PREFIX_PATH}:/workspaces/isaac_ros-dev/install/qcar2_autonomy:/workspace/cartographer_ws/install/isaac_ros_test:/opt/ros/humble /usr/bin/cmake --build /workspaces/isaac_ros-dev/build/qcar2_interfaces -- -j28 -l28
[1.128s] Invoking command in '/workspaces/isaac_ros-dev/build/qcar2_interfaces': CMAKE_PREFIX_PATH=${CMAKE_PREFIX_PATH}:/workspaces/isaac_ros-dev/install/qcar2_autonomy:/workspace/cartographer_ws/install/isaac_ros_test:/opt/ros/humble /usr/bin/cmake --install /workspaces/isaac_ros-dev/build/qcar2_interfaces
[1.131s] -- Install configuration: ""
[1.131s] -- Installing: /workspaces/isaac_ros-dev/install/qcar2_interfaces/share/ament_index/resource_index/rosidl_interfaces/qcar2_interfaces
[1.131s] -- Up-to-date: /workspaces/isaac_ros-dev/install/qcar2_interfaces/include/qcar2_interfaces/qcar2_interfaces
[1.131s] -- Up-to-date: /workspaces/isaac_ros-dev/install/qcar2_interfaces/include/qcar2_interfaces/qcar2_interfaces/msg
[1.131s] -- Up-to-date: /workspaces/isaac_ros-dev/install/qcar2_interfaces/include/qcar2_interfaces/qcar2_interfaces/msg/detail
[1.131s] -- Installing: /workspaces/isaac_ros-dev/install/qcar2_interfaces/include/qcar2_interfaces/qcar2_interfaces/msg/detail/boolean_leds__type_support.h
[1.131s] -- Installing: /workspaces/isaac_ros-dev/install/qcar2_interfaces/include/qcar2_interfaces/qcar2_interfaces/msg/detail/motor_commands__struct.h
[1.131s] -- Installing: /workspaces/isaac_ros-dev/install/qcar2_interfaces/include/qcar2_interfaces/qcar2_interfaces/msg/detail/boolean_leds__struct.h
[1.131s] -- Installing: /workspaces/isaac_ros-dev/install/qcar2_interfaces/include/qcar2_interfaces/qcar2_interfaces/msg/detail/motor_commands__functions.c
[1.131s] -- Installing: /workspaces/isaac_ros-dev/install/qcar2_interfaces/include/qcar2_interfaces/qcar2_interfaces/msg/detail/motor_commands__functions.h
[1.132s] -- Installing: /workspaces/isaac_ros-dev/install/qcar2_interfaces/include/qcar2_interfaces/qcar2_interfaces/msg/detail/motor_commands__type_support.h
[1.132s] -- Installing: /workspaces/isaac_ros-dev/install/qcar2_interfaces/include/qcar2_interfaces/qcar2_interfaces/msg/detail/boolean_leds__functions.c
[1.132s] -- Installing: /workspaces/isaac_ros-dev/install/qcar2_interfaces/include/qcar2_interfaces/qcar2_interfaces/msg/detail/boolean_leds__functions.h
[1.132s] -- Installing: /workspaces/isaac_ros-dev/install/qcar2_interfaces/include/qcar2_interfaces/qcar2_interfaces/msg/motor_commands.h
[1.132s] -- Installing: /workspaces/isaac_ros-dev/install/qcar2_interfaces/include/qcar2_interfaces/qcar2_interfaces/msg/boolean_leds.h
[1.132s] -- Installing: /workspaces/isaac_ros-dev/install/qcar2_interfaces/include/qcar2_interfaces/qcar2_interfaces/msg/rosidl_generator_c__visibility_control.h
[1.132s] -- Up-to-date: /workspaces/isaac_ros-dev/install/qcar2_interfaces/share/qcar2_interfaces/environment/library_path.sh
[1.132s] -- Installing: /workspaces/isaac_ros-dev/install/qcar2_interfaces/share/qcar2_interfaces/environment/library_path.dsv
[1.132s] -- Installing: /workspaces/isaac_ros-dev/install/qcar2_interfaces/lib/libqcar2_interfaces__rosidl_generator_c.so
[1.132s] -- Set runtime path of "/workspaces/isaac_ros-dev/install/qcar2_interfaces/lib/libqcar2_interfaces__rosidl_generator_c.so" to ""
[1.132s] -- Up-to-date: /workspaces/isaac_ros-dev/install/qcar2_interfaces/include/qcar2_interfaces/qcar2_interfaces
[1.132s] -- Up-to-date: /workspaces/isaac_ros-dev/install/qcar2_interfaces/include/qcar2_interfaces/qcar2_interfaces/msg
[1.132s] -- Up-to-date: /workspaces/isaac_ros-dev/install/qcar2_interfaces/include/qcar2_interfaces/qcar2_interfaces/msg/detail
[1.132s] -- Installing: /workspaces/isaac_ros-dev/install/qcar2_interfaces/include/qcar2_interfaces/qcar2_interfaces/msg/detail/motor_commands__rosidl_typesupport_fastrtps_c.h
[1.132s] -- Installing: /workspaces/isaac_ros-dev/install/qcar2_interfaces/include/qcar2_interfaces/qcar2_interfaces/msg/detail/boolean_leds__rosidl_typesupport_fastrtps_c.h
[1.132s] -- Installing: /workspaces/isaac_ros-dev/install/qcar2_interfaces/include/qcar2_interfaces/qcar2_interfaces/msg/rosidl_typesupport_fastrtps_c__visibility_control.h
[1.132s] -- Installing: /workspaces/isaac_ros-dev/install/qcar2_interfaces/lib/libqcar2_interfaces__rosidl_typesupport_fastrtps_c.so
[1.132s] -- Set runtime path of "/workspaces/isaac_ros-dev/install/qcar2_interfaces/lib/libqcar2_interfaces__rosidl_typesupport_fastrtps_c.so" to ""
[1.132s] -- Up-to-date: /workspaces/isaac_ros-dev/install/qcar2_interfaces/include/qcar2_interfaces/qcar2_interfaces
[1.132s] -- Up-to-date: /workspaces/isaac_ros-dev/install/qcar2_interfaces/include/qcar2_interfaces/qcar2_interfaces/msg
[1.132s] -- Up-to-date: /workspaces/isaac_ros-dev/install/qcar2_interfaces/include/qcar2_interfaces/qcar2_interfaces/msg/detail
[1.132s] -- Installing: /workspaces/isaac_ros-dev/install/qcar2_interfaces/include/qcar2_interfaces/qcar2_interfaces/msg/detail/boolean_leds__type_support.c
[1.132s] -- Installing: /workspaces/isaac_ros-dev/install/qcar2_interfaces/include/qcar2_interfaces/qcar2_interfaces/msg/detail/boolean_leds__rosidl_typesupport_introspection_c.h
[1.132s] -- Installing: /workspaces/isaac_ros-dev/install/qcar2_interfaces/include/qcar2_interfaces/qcar2_interfaces/msg/detail/motor_commands__rosidl_typesupport_introspection_c.h
[1.132s] -- Installing: /workspaces/isaac_ros-dev/install/qcar2_interfaces/include/qcar2_interfaces/qcar2_interfaces/msg/detail/motor_commands__type_support.c
[1.132s] -- Installing: /workspaces/isaac_ros-dev/install/qcar2_interfaces/include/qcar2_interfaces/qcar2_interfaces/msg/rosidl_typesupport_introspection_c__visibility_control.h
[1.132s] -- Installing: /workspaces/isaac_ros-dev/install/qcar2_interfaces/lib/libqcar2_interfaces__rosidl_typesupport_introspection_c.so
[1.133s] -- Set runtime path of "/workspaces/isaac_ros-dev/install/qcar2_interfaces/lib/libqcar2_interfaces__rosidl_typesupport_introspection_c.so" to ""
[1.133s] -- Installing: /workspaces/isaac_ros-dev/install/qcar2_interfaces/lib/libqcar2_interfaces__rosidl_typesupport_c.so
[1.133s] -- Set runtime path of "/workspaces/isaac_ros-dev/install/qcar2_interfaces/lib/libqcar2_interfaces__rosidl_typesupport_c.so" to ""
[1.133s] -- Up-to-date: /workspaces/isaac_ros-dev/install/qcar2_interfaces/include/qcar2_interfaces/qcar2_interfaces
[1.133s] -- Up-to-date: /workspaces/isaac_ros-dev/install/qcar2_interfaces/include/qcar2_interfaces/qcar2_interfaces/msg
[1.133s] -- Up-to-date: /workspaces/isaac_ros-dev/install/qcar2_interfaces/include/qcar2_interfaces/qcar2_interfaces/msg/detail
[1.133s] -- Installing: /workspaces/isaac_ros-dev/install/qcar2_interfaces/include/qcar2_interfaces/qcar2_interfaces/msg/detail/motor_commands__struct.hpp
[1.133s] -- Installing: /workspaces/isaac_ros-dev/install/qcar2_interfaces/include/qcar2_interfaces/qcar2_interfaces/msg/detail/boolean_leds__traits.hpp
[1.133s] -- Installing: /workspaces/isaac_ros-dev/install/qcar2_interfaces/include/qcar2_interfaces/qcar2_interfaces/msg/detail/boolean_leds__builder.hpp
[1.133s] -- Installing: /workspaces/isaac_ros-dev/install/qcar2_interfaces/include/qcar2_interfaces/qcar2_interfaces/msg/detail/motor_commands__traits.hpp
[1.133s] -- Installing: /workspaces/isaac_ros-dev/install/qcar2_interfaces/include/qcar2_interfaces/qcar2_interfaces/msg/detail/boolean_leds__struct.hpp
[1.133s] -- Installing: /workspaces/isaac_ros-dev/install/qcar2_interfaces/include/qcar2_interfaces/qcar2_interfaces/msg/detail/motor_commands__builder.hpp
[1.133s] -- Installing: /workspaces/isaac_ros-dev/install/qcar2_interfaces/include/qcar2_interfaces/qcar2_interfaces/msg/motor_commands.hpp
[1.133s] -- Installing: /workspaces/isaac_ros-dev/install/qcar2_interfaces/include/qcar2_interfaces/qcar2_interfaces/msg/boolean_leds.hpp
[1.133s] -- Up-to-date: /workspaces/isaac_ros-dev/install/qcar2_interfaces/include/qcar2_interfaces/qcar2_interfaces
[1.133s] -- Up-to-date: /workspaces/isaac_ros-dev/install/qcar2_interfaces/include/qcar2_interfaces/qcar2_interfaces/msg
[1.133s] -- Up-to-date: /workspaces/isaac_ros-dev/install/qcar2_interfaces/include/qcar2_interfaces/qcar2_interfaces/msg/detail
[1.133s] -- Up-to-date: /workspaces/isaac_ros-dev/install/qcar2_interfaces/include/qcar2_interfaces/qcar2_interfaces/msg/detail/dds_fastrtps
[1.133s] -- Installing: /workspaces/isaac_ros-dev/install/qcar2_interfaces/include/qcar2_interfaces/qcar2_interfaces/msg/detail/boolean_leds__rosidl_typesupport_fastrtps_cpp.hpp
[1.133s] -- Installing: /workspaces/isaac_ros-dev/install/qcar2_interfaces/include/qcar2_interfaces/qcar2_interfaces/msg/detail/motor_commands__rosidl_typesupport_fastrtps_cpp.hpp
[1.133s] -- Installing: /workspaces/isaac_ros-dev/install/qcar2_interfaces/include/qcar2_interfaces/qcar2_interfaces/msg/rosidl_typesupport_fastrtps_cpp__visibility_control.h
[1.133s] -- Installing: /workspaces/isaac_ros-dev/install/qcar2_interfaces/lib/libqcar2_interfaces__rosidl_typesupport_fastrtps_cpp.so
[1.133s] -- Set runtime path of "/workspaces/isaac_ros-dev/install/qcar2_interfaces/lib/libqcar2_interfaces__rosidl_typesupport_fastrtps_cpp.so" to ""
[1.134s] -- Up-to-date: /workspaces/isaac_ros-dev/install/qcar2_interfaces/include/qcar2_interfaces/qcar2_interfaces
[1.134s] -- Up-to-date: /workspaces/isaac_ros-dev/install/qcar2_interfaces/include/qcar2_interfaces/qcar2_interfaces/msg
[1.134s] -- Up-to-date: /workspaces/isaac_ros-dev/install/qcar2_interfaces/include/qcar2_interfaces/qcar2_interfaces/msg/detail
[1.134s] -- Installing: /workspaces/isaac_ros-dev/install/qcar2_interfaces/include/qcar2_interfaces/qcar2_interfaces/msg/detail/boolean_leds__rosidl_typesupport_introspection_cpp.hpp
[1.134s] -- Installing: /workspaces/isaac_ros-dev/install/qcar2_interfaces/include/qcar2_interfaces/qcar2_interfaces/msg/detail/motor_commands__type_support.cpp
[1.134s] -- Installing: /workspaces/isaac_ros-dev/install/qcar2_interfaces/include/qcar2_interfaces/qcar2_interfaces/msg/detail/boolean_leds__type_support.cpp
[1.134s] -- Installing: /workspaces/isaac_ros-dev/install/qcar2_interfaces/include/qcar2_interfaces/qcar2_interfaces/msg/detail/motor_commands__rosidl_typesupport_introspection_cpp.hpp
[1.134s] -- Installing: /workspaces/isaac_ros-dev/install/qcar2_interfaces/lib/libqcar2_interfaces__rosidl_typesupport_introspection_cpp.so
[1.134s] -- Set runtime path of "/workspaces/isaac_ros-dev/install/qcar2_interfaces/lib/libqcar2_interfaces__rosidl_typesupport_introspection_cpp.so" to ""
[1.134s] -- Installing: /workspaces/isaac_ros-dev/install/qcar2_interfaces/lib/libqcar2_interfaces__rosidl_typesupport_cpp.so
[1.134s] -- Set runtime path of "/workspaces/isaac_ros-dev/install/qcar2_interfaces/lib/libqcar2_interfaces__rosidl_typesupport_cpp.so" to ""
[1.134s] -- Installing: /workspaces/isaac_ros-dev/install/qcar2_interfaces/share/qcar2_interfaces/environment/pythonpath.sh
[1.134s] -- Installing: /workspaces/isaac_ros-dev/install/qcar2_interfaces/share/qcar2_interfaces/environment/pythonpath.dsv
[1.134s] -- Up-to-date: /workspaces/isaac_ros-dev/install/qcar2_interfaces/lib/python3.8/site-packages/qcar2_interfaces-0.0.0-py3.8.egg-info
[1.134s] -- Installing: /workspaces/isaac_ros-dev/install/qcar2_interfaces/lib/python3.8/site-packages/qcar2_interfaces-0.0.0-py3.8.egg-info/dependency_links.txt
[1.134s] -- Installing: /workspaces/isaac_ros-dev/install/qcar2_interfaces/lib/python3.8/site-packages/qcar2_interfaces-0.0.0-py3.8.egg-info/top_level.txt
[1.134s] -- Installing: /workspaces/isaac_ros-dev/install/qcar2_interfaces/lib/python3.8/site-packages/qcar2_interfaces-0.0.0-py3.8.egg-info/PKG-INFO
[1.134s] -- Installing: /workspaces/isaac_ros-dev/install/qcar2_interfaces/lib/python3.8/site-packages/qcar2_interfaces-0.0.0-py3.8.egg-info/SOURCES.txt
[1.134s] -- Up-to-date: /workspaces/isaac_ros-dev/install/qcar2_interfaces/lib/python3.8/site-packages/qcar2_interfaces
[1.134s] -- Up-to-date: /workspaces/isaac_ros-dev/install/qcar2_interfaces/lib/python3.8/site-packages/qcar2_interfaces/_qcar2_interfaces_s.ep.rosidl_typesupport_introspection_c.c
[1.134s] -- Up-to-date: /workspaces/isaac_ros-dev/install/qcar2_interfaces/lib/python3.8/site-packages/qcar2_interfaces/_qcar2_interfaces_s.ep.rosidl_typesupport_c.c
[1.134s] -- Installing: /workspaces/isaac_ros-dev/install/qcar2_interfaces/lib/python3.8/site-packages/qcar2_interfaces/qcar2_interfaces_s__rosidl_typesupport_c.cpython-38-x86_64-linux-gnu.so
[1.134s] -- Up-to-date: /workspaces/isaac_ros-dev/install/qcar2_interfaces/lib/python3.8/site-packages/qcar2_interfaces/_qcar2_interfaces_s.ep.rosidl_typesupport_fastrtps_c.c
[1.135s] -- Installing: /workspaces/isaac_ros-dev/install/qcar2_interfaces/lib/python3.8/site-packages/qcar2_interfaces/__init__.py
[1.135s] -- Installing: /workspaces/isaac_ros-dev/install/qcar2_interfaces/lib/python3.8/site-packages/qcar2_interfaces/qcar2_interfaces_s__rosidl_typesupport_fastrtps_c.cpython-38-x86_64-linux-gnu.so
[1.135s] -- Installing: /workspaces/isaac_ros-dev/install/qcar2_interfaces/lib/python3.8/site-packages/qcar2_interfaces/qcar2_interfaces_s__rosidl_typesupport_introspection_c.cpython-38-x86_64-linux-gnu.so
[1.135s] -- Installing: /workspaces/isaac_ros-dev/install/qcar2_interfaces/lib/python3.8/site-packages/qcar2_interfaces/libqcar2_interfaces__rosidl_generator_py.so
[1.135s] -- Up-to-date: /workspaces/isaac_ros-dev/install/qcar2_interfaces/lib/python3.8/site-packages/qcar2_interfaces/msg
[1.135s] -- Up-to-date: /workspaces/isaac_ros-dev/install/qcar2_interfaces/lib/python3.8/site-packages/qcar2_interfaces/msg/_boolean_leds_s.c
[1.135s] -- Up-to-date: /workspaces/isaac_ros-dev/install/qcar2_interfaces/lib/python3.8/site-packages/qcar2_interfaces/msg/_boolean_leds.py
[1.135s] -- Up-to-date: /workspaces/isaac_ros-dev/install/qcar2_interfaces/lib/python3.8/site-packages/qcar2_interfaces/msg/__init__.py
[1.135s] -- Up-to-date: /workspaces/isaac_ros-dev/install/qcar2_interfaces/lib/python3.8/site-packages/qcar2_interfaces/msg/_motor_commands.py
[1.135s] -- Up-to-date: /workspaces/isaac_ros-dev/install/qcar2_interfaces/lib/python3.8/site-packages/qcar2_interfaces/msg/_motor_commands_s.c
[1.156s] Listing '/workspaces/isaac_ros-dev/install/qcar2_interfaces/lib/python3.8/site-packages/qcar2_interfaces'...
[1.156s] Compiling '/workspaces/isaac_ros-dev/install/qcar2_interfaces/lib/python3.8/site-packages/qcar2_interfaces/__init__.py'...
[1.156s] Listing '/workspaces/isaac_ros-dev/install/qcar2_interfaces/lib/python3.8/site-packages/qcar2_interfaces/msg'...
[1.156s] Compiling '/workspaces/isaac_ros-dev/install/qcar2_interfaces/lib/python3.8/site-packages/qcar2_interfaces/msg/__init__.py'...
[1.156s] Compiling '/workspaces/isaac_ros-dev/install/qcar2_interfaces/lib/python3.8/site-packages/qcar2_interfaces/msg/_boolean_leds.py'...
[1.157s] Compiling '/workspaces/isaac_ros-dev/install/qcar2_interfaces/lib/python3.8/site-packages/qcar2_interfaces/msg/_motor_commands.py'...
[1.158s] -- Installing: /workspaces/isaac_ros-dev/install/qcar2_interfaces/lib/python3.8/site-packages/qcar2_interfaces/qcar2_interfaces_s__rosidl_typesupport_fastrtps_c.cpython-38-x86_64-linux-gnu.so
[1.158s] -- Set runtime path of "/workspaces/isaac_ros-dev/install/qcar2_interfaces/lib/python3.8/site-packages/qcar2_interfaces/qcar2_interfaces_s__rosidl_typesupport_fastrtps_c.cpython-38-x86_64-linux-gnu.so" to ""
[1.158s] -- Installing: /workspaces/isaac_ros-dev/install/qcar2_interfaces/lib/python3.8/site-packages/qcar2_interfaces/qcar2_interfaces_s__rosidl_typesupport_introspection_c.cpython-38-x86_64-linux-gnu.so
[1.158s] -- Set runtime path of "/workspaces/isaac_ros-dev/install/qcar2_interfaces/lib/python3.8/site-packages/qcar2_interfaces/qcar2_interfaces_s__rosidl_typesupport_introspection_c.cpython-38-x86_64-linux-gnu.so" to ""
[1.159s] -- Installing: /workspaces/isaac_ros-dev/install/qcar2_interfaces/lib/python3.8/site-packages/qcar2_interfaces/qcar2_interfaces_s__rosidl_typesupport_c.cpython-38-x86_64-linux-gnu.so
[1.159s] -- Set runtime path of "/workspaces/isaac_ros-dev/install/qcar2_interfaces/lib/python3.8/site-packages/qcar2_interfaces/qcar2_interfaces_s__rosidl_typesupport_c.cpython-38-x86_64-linux-gnu.so" to ""
[1.159s] -- Installing: /workspaces/isaac_ros-dev/install/qcar2_interfaces/lib/libqcar2_interfaces__rosidl_generator_py.so
[1.159s] -- Set runtime path of "/workspaces/isaac_ros-dev/install/qcar2_interfaces/lib/libqcar2_interfaces__rosidl_generator_py.so" to ""
[1.159s] -- Installing: /workspaces/isaac_ros-dev/install/qcar2_interfaces/share/qcar2_interfaces/msg/MotorCommands.idl
[1.159s] -- Installing: /workspaces/isaac_ros-dev/install/qcar2_interfaces/share/qcar2_interfaces/msg/BooleanLeds.idl
[1.159s] -- Up-to-date: /workspaces/isaac_ros-dev/install/qcar2_interfaces/share/qcar2_interfaces/msg/MotorCommands.msg
[1.159s] -- Up-to-date: /workspaces/isaac_ros-dev/install/qcar2_interfaces/share/qcar2_interfaces/msg/BooleanLeds.msg
[1.159s] -- Installing: /workspaces/isaac_ros-dev/install/qcar2_interfaces/share/ament_index/resource_index/package_run_dependencies/qcar2_interfaces
[1.159s] -- Up-to-date: /workspaces/isaac_ros-dev/install/qcar2_interfaces/share/ament_index/resource_index/parent_prefix_path/qcar2_interfaces
[1.159s] -- Up-to-date: /workspaces/isaac_ros-dev/install/qcar2_interfaces/share/qcar2_interfaces/environment/ament_prefix_path.sh
[1.159s] -- Installing: /workspaces/isaac_ros-dev/install/qcar2_interfaces/share/qcar2_interfaces/environment/ament_prefix_path.dsv
[1.159s] -- Up-to-date: /workspaces/isaac_ros-dev/install/qcar2_interfaces/share/qcar2_interfaces/environment/path.sh
[1.159s] -- Installing: /workspaces/isaac_ros-dev/install/qcar2_interfaces/share/qcar2_interfaces/environment/path.dsv
[1.159s] -- Installing: /workspaces/isaac_ros-dev/install/qcar2_interfaces/share/qcar2_interfaces/local_setup.bash
[1.159s] -- Installing: /workspaces/isaac_ros-dev/install/qcar2_interfaces/share/qcar2_interfaces/local_setup.sh
[1.159s] -- Installing: /workspaces/isaac_ros-dev/install/qcar2_interfaces/share/qcar2_interfaces/local_setup.zsh
[1.159s] -- Installing: /workspaces/isaac_ros-dev/install/qcar2_interfaces/share/qcar2_interfaces/local_setup.dsv
[1.159s] -- Installing: /workspaces/isaac_ros-dev/install/qcar2_interfaces/share/qcar2_interfaces/package.dsv
[1.159s] -- Installing: /workspaces/isaac_ros-dev/install/qcar2_interfaces/share/ament_index/resource_index/packages/qcar2_interfaces
[1.159s] -- Installing: /workspaces/isaac_ros-dev/install/qcar2_interfaces/share/qcar2_interfaces/cmake/export_qcar2_interfaces__rosidl_generator_cExport.cmake
[1.160s] -- Installing: /workspaces/isaac_ros-dev/install/qcar2_interfaces/share/qcar2_interfaces/cmake/export_qcar2_interfaces__rosidl_generator_cExport-noconfig.cmake
[1.160s] -- Installing: /workspaces/isaac_ros-dev/install/qcar2_interfaces/share/qcar2_interfaces/cmake/export_qcar2_interfaces__rosidl_typesupport_fastrtps_cExport.cmake
[1.160s] -- Installing: /workspaces/isaac_ros-dev/install/qcar2_interfaces/share/qcar2_interfaces/cmake/export_qcar2_interfaces__rosidl_typesupport_fastrtps_cExport-noconfig.cmake
[1.160s] -- Installing: /workspaces/isaac_ros-dev/install/qcar2_interfaces/share/qcar2_interfaces/cmake/qcar2_interfaces__rosidl_typesupport_introspection_cExport.cmake
[1.160s] -- Installing: /workspaces/isaac_ros-dev/install/qcar2_interfaces/share/qcar2_interfaces/cmake/qcar2_interfaces__rosidl_typesupport_introspection_cExport-noconfig.cmake
[1.160s] -- Installing: /workspaces/isaac_ros-dev/install/qcar2_interfaces/share/qcar2_interfaces/cmake/qcar2_interfaces__rosidl_typesupport_cExport.cmake
[1.160s] -- Installing: /workspaces/isaac_ros-dev/install/qcar2_interfaces/share/qcar2_interfaces/cmake/qcar2_interfaces__rosidl_typesupport_cExport-noconfig.cmake
[1.160s] -- Installing: /workspaces/isaac_ros-dev/install/qcar2_interfaces/share/qcar2_interfaces/cmake/export_qcar2_interfaces__rosidl_generator_cppExport.cmake
[1.160s] -- Installing: /workspaces/isaac_ros-dev/install/qcar2_interfaces/share/qcar2_interfaces/cmake/export_qcar2_interfaces__rosidl_typesupport_fastrtps_cppExport.cmake
[1.160s] -- Installing: /workspaces/isaac_ros-dev/install/qcar2_interfaces/share/qcar2_interfaces/cmake/export_qcar2_interfaces__rosidl_typesupport_fastrtps_cppExport-noconfig.cmake
[1.160s] -- Installing: /workspaces/isaac_ros-dev/install/qcar2_interfaces/share/qcar2_interfaces/cmake/qcar2_interfaces__rosidl_typesupport_introspection_cppExport.cmake
[1.160s] -- Installing: /workspaces/isaac_ros-dev/install/qcar2_interfaces/share/qcar2_interfaces/cmake/qcar2_interfaces__rosidl_typesupport_introspection_cppExport-noconfig.cmake
[1.160s] -- Installing: /workspaces/isaac_ros-dev/install/qcar2_interfaces/share/qcar2_interfaces/cmake/qcar2_interfaces__rosidl_typesupport_cppExport.cmake
[1.160s] -- Installing: /workspaces/isaac_ros-dev/install/qcar2_interfaces/share/qcar2_interfaces/cmake/qcar2_interfaces__rosidl_typesupport_cppExport-noconfig.cmake
[1.160s] -- Installing: /workspaces/isaac_ros-dev/install/qcar2_interfaces/share/qcar2_interfaces/cmake/export_qcar2_interfaces__rosidl_generator_pyExport.cmake
[1.160s] -- Installing: /workspaces/isaac_ros-dev/install/qcar2_interfaces/share/qcar2_interfaces/cmake/export_qcar2_interfaces__rosidl_generator_pyExport-noconfig.cmake
[1.160s] -- Installing: /workspaces/isaac_ros-dev/install/qcar2_interfaces/share/qcar2_interfaces/cmake/rosidl_cmake-extras.cmake
[1.160s] -- Installing: /workspaces/isaac_ros-dev/install/qcar2_interfaces/share/qcar2_interfaces/cmake/ament_cmake_export_include_directories-extras.cmake
[1.160s] -- Installing: /workspaces/isaac_ros-dev/install/qcar2_interfaces/share/qcar2_interfaces/cmake/ament_cmake_export_libraries-extras.cmake
[1.160s] -- Installing: /workspaces/isaac_ros-dev/install/qcar2_interfaces/share/qcar2_interfaces/cmake/ament_cmake_export_targets-extras.cmake
[1.160s] -- Installing: /workspaces/isaac_ros-dev/install/qcar2_interfaces/share/qcar2_interfaces/cmake/rosidl_cmake_export_typesupport_targets-extras.cmake
[1.161s] -- Installing: /workspaces/isaac_ros-dev/install/qcar2_interfaces/share/qcar2_interfaces/cmake/ament_cmake_export_dependencies-extras.cmake
[1.161s] -- Installing: /workspaces/isaac_ros-dev/install/qcar2_interfaces/share/qcar2_interfaces/cmake/rosidl_cmake_export_typesupport_libraries-extras.cmake
[1.161s] -- Installing: /workspaces/isaac_ros-dev/install/qcar2_interfaces/share/qcar2_interfaces/cmake/qcar2_interfacesConfig.cmake
[1.161s] -- Installing: /workspaces/isaac_ros-dev/install/qcar2_interfaces/share/qcar2_interfaces/cmake/qcar2_interfacesConfig-version.cmake
[1.161s] -- Up-to-date: /workspaces/isaac_ros-dev/install/qcar2_interfaces/share/qcar2_interfaces/package.xml
[1.162s] Invoked command in '/workspaces/isaac_ros-dev/build/qcar2_interfaces' returned '0': CMAKE_PREFIX_PATH=${CMAKE_PREFIX_PATH}:/workspaces/isaac_ros-dev/install/qcar2_autonomy:/workspace/cartographer_ws/install/isaac_ros_test:/opt/ros/humble /usr/bin/cmake --install /workspaces/isaac_ros-dev/build/qcar2_interfaces
