[0.235s] Invoking command in '/workspaces/isaac_ros-dev/build/qcar2_nodes': AMENT_PREFIX_PATH=/workspaces/isaac_ros-dev/install/qcar2_interfaces:${AMENT_PREFIX_PATH} CMAKE_PREFIX_PATH=/workspaces/isaac_ros-dev/install/qcar2_interfaces:/workspace/cartographer_ws/install/perception_pcl:/workspace/cartographer_ws/install/pcl_ros:/workspace/cartographer_ws/install/cartographer_rviz:/workspace/cartographer_ws/install/cartographer_ros:/workspace/cartographer_ws/install/pcl_conversions:/workspace/cartographer_ws/install/pcl_msgs:/workspace/cartographer_ws/install/isaac_ros_tensor_list_interfaces:/workspace/cartographer_ws/install/isaac_ros_pointcloud_interfaces:/workspace/cartographer_ws/install/isaac_ros_nova_interfaces:/workspace/cartographer_ws/install/isaac_ros_nitros_bridge_interfaces:/workspace/cartographer_ws/install/isaac_ros_common:/workspace/cartographer_ws/install/isaac_ros_bi3d_interfaces:/workspace/cartographer_ws/install/isaac_ros_apriltag_interfaces:/workspace/cartographer_ws/install/control_msgs:/workspace/cartographer_ws/install/cartographer_ros_msgs:/workspace/cartographer_ws/install/cartographer:/workspace/cartographer_ws/install/absl:/workspace/cartographer_ws/install/isaac_ros_test:/opt/ros/humble LD_LIBRARY_PATH=/workspaces/isaac_ros-dev/install/qcar2_interfaces/lib:${LD_LIBRARY_PATH} PYTHONPATH=/workspaces/isaac_ros-dev/install/qcar2_interfaces/lib/python3.8/site-packages:${PYTHONPATH} _=/usr/bin/env /usr/bin/cmake /workspaces/isaac_ros-dev/ros2/src/qcar2_nodes -DCMAKE_INSTALL_PREFIX=/workspaces/isaac_ros-dev/install/qcar2_nodes
[0.282s] -- The C compiler identification is GNU 9.4.0
[0.317s] -- The CXX compiler identification is GNU 9.4.0
[0.322s] -- Detecting C compiler ABI info
[0.371s] -- Detecting C compiler ABI info - done
[0.375s] -- Check for working C compiler: /usr/bin/cc - skipped
[0.376s] -- Detecting C compile features
[0.376s] -- Detecting C compile features - done
[0.377s] -- Detecting CXX compiler ABI info
[0.432s] -- Detecting CXX compiler ABI info - done
[0.436s] -- Check for working CXX compiler: /usr/bin/c++ - skipped
[0.436s] -- Detecting CXX compile features
[0.437s] -- Detecting CXX compile features - done
[0.439s] -- Found ament_cmake: 1.3.5 (/opt/ros/humble/share/ament_cmake/cmake)
[0.895s] -- Found Python3: /usr/bin/python3.8 (found version "3.8.10") found components: Interpreter 
[0.959s] -- Found cv_bridge: 3.2.1 (/opt/ros/humble/share/cv_bridge/cmake)
[1.003s] -- Found rosidl_generator_c: 3.1.5 (/opt/ros/humble/share/rosidl_generator_c/cmake)
[1.007s] -- Found rosidl_adapter: 3.1.5 (/opt/ros/humble/share/rosidl_adapter/cmake)
[1.013s] -- Found rosidl_generator_cpp: 3.1.5 (/opt/ros/humble/share/rosidl_generator_cpp/cmake)
[1.022s] -- Using all available rosidl_typesupport_c: rosidl_typesupport_fastrtps_c;rosidl_typesupport_introspection_c
[1.036s] -- Using all available rosidl_typesupport_cpp: rosidl_typesupport_fastrtps_cpp;rosidl_typesupport_introspection_cpp
[1.161s] -- Found image_transport: 3.1.7 (/opt/ros/humble/share/image_transport/cmake)
[1.216s] -- Found rmw_implementation_cmake: 6.1.1 (/opt/ros/humble/share/rmw_implementation_cmake/cmake)
[1.220s] -- Found rmw_fastrtps_cpp: 6.2.4 (/opt/ros/humble/share/rmw_fastrtps_cpp/cmake)
[1.328s] -- Found OpenSSL: /usr/lib/x86_64-linux-gnu/libcrypto.so (found version "1.1.1f")  
[1.354s] -- Found FastRTPS: /opt/ros/humble/include  
[1.398s] -- Using RMW implementation 'rmw_fastrtps_cpp' as default
[1.411s] -- Looking for pthread.h
[1.463s] -- Looking for pthread.h - found
[1.463s] -- Performing Test CMAKE_HAVE_LIBC_PTHREAD
[1.515s] -- Performing Test CMAKE_HAVE_LIBC_PTHREAD - Failed
[1.515s] -- Looking for pthread_create in pthreads
[1.560s] -- Looking for pthread_create in pthreads - not found
[1.560s] -- Looking for pthread_create in pthread
[1.612s] -- Looking for pthread_create in pthread - found
[1.612s] -- Found Threads: TRUE  
[1.732s] -- Found OpenCV: /usr (found version "4.2.0") found components: highgui imgcodecs imgproc videoio 
[1.734s] -- Found rclpy: 3.3.10 (/opt/ros/humble/share/rclpy/cmake)
[1.736s] -- Found nav_msgs: 4.2.3 (/opt/ros/humble/share/nav_msgs/cmake)
[1.783s] -- Found action_msgs: 1.2.1 (/opt/ros/humble/share/action_msgs/cmake)
[1.821s] -- Found control_msgs: 4.8.0 (/workspace/cartographer_ws/install/control_msgs/share/control_msgs/cmake)
[1.968s] -- Found qcar2_interfaces: 0.0.0 (/workspaces/isaac_ros-dev/install/qcar2_interfaces/share/qcar2_interfaces/cmake)
[1.977s] -- Found tf2_ros: 0.25.4 (/opt/ros/humble/share/tf2_ros/cmake)
[2.145s] -- Found ament_lint_auto: 0.12.8 (/opt/ros/humble/share/ament_lint_auto/cmake)
[2.192s] -- Added test 'cppcheck' to perform static code analysis on C / C++ code
[2.192s] -- Configured cppcheck include dirs: 
[2.192s] -- Configured cppcheck exclude dirs and/or files: 
[2.193s] -- Added test 'flake8' to check Python code syntax and style conventions
[2.193s] -- Added test 'lint_cmake' to check CMake code style
[2.193s] -- Added test 'pep257' to check Python code against some of the docstring style conventions in PEP 257
[2.194s] -- Added test 'uncrustify' to check C / C++ code style
[2.194s] -- Configured uncrustify additional arguments: 
[2.195s] -- Added test 'xmllint' to check XML markup files
[2.195s] -- Configuring done
[2.217s] -- Generating done
[2.218s] -- Build files have been written to: /workspaces/isaac_ros-dev/build/qcar2_nodes
[2.223s] Invoked command in '/workspaces/isaac_ros-dev/build/qcar2_nodes' returned '0': AMENT_PREFIX_PATH=/workspaces/isaac_ros-dev/install/qcar2_interfaces:${AMENT_PREFIX_PATH} CMAKE_PREFIX_PATH=/workspaces/isaac_ros-dev/install/qcar2_interfaces:/workspace/cartographer_ws/install/perception_pcl:/workspace/cartographer_ws/install/pcl_ros:/workspace/cartographer_ws/install/cartographer_rviz:/workspace/cartographer_ws/install/cartographer_ros:/workspace/cartographer_ws/install/pcl_conversions:/workspace/cartographer_ws/install/pcl_msgs:/workspace/cartographer_ws/install/isaac_ros_tensor_list_interfaces:/workspace/cartographer_ws/install/isaac_ros_pointcloud_interfaces:/workspace/cartographer_ws/install/isaac_ros_nova_interfaces:/workspace/cartographer_ws/install/isaac_ros_nitros_bridge_interfaces:/workspace/cartographer_ws/install/isaac_ros_common:/workspace/cartographer_ws/install/isaac_ros_bi3d_interfaces:/workspace/cartographer_ws/install/isaac_ros_apriltag_interfaces:/workspace/cartographer_ws/install/control_msgs:/workspace/cartographer_ws/install/cartographer_ros_msgs:/workspace/cartographer_ws/install/cartographer:/workspace/cartographer_ws/install/absl:/workspace/cartographer_ws/install/isaac_ros_test:/opt/ros/humble LD_LIBRARY_PATH=/workspaces/isaac_ros-dev/install/qcar2_interfaces/lib:${LD_LIBRARY_PATH} PYTHONPATH=/workspaces/isaac_ros-dev/install/qcar2_interfaces/lib/python3.8/site-packages:${PYTHONPATH} _=/usr/bin/env /usr/bin/cmake /workspaces/isaac_ros-dev/ros2/src/qcar2_nodes -DCMAKE_INSTALL_PREFIX=/workspaces/isaac_ros-dev/install/qcar2_nodes
[2.225s] Invoking command in '/workspaces/isaac_ros-dev/build/qcar2_nodes': AMENT_PREFIX_PATH=/workspaces/isaac_ros-dev/install/qcar2_interfaces:${AMENT_PREFIX_PATH} CMAKE_PREFIX_PATH=/workspaces/isaac_ros-dev/install/qcar2_interfaces:/workspace/cartographer_ws/install/perception_pcl:/workspace/cartographer_ws/install/pcl_ros:/workspace/cartographer_ws/install/cartographer_rviz:/workspace/cartographer_ws/install/cartographer_ros:/workspace/cartographer_ws/install/pcl_conversions:/workspace/cartographer_ws/install/pcl_msgs:/workspace/cartographer_ws/install/isaac_ros_tensor_list_interfaces:/workspace/cartographer_ws/install/isaac_ros_pointcloud_interfaces:/workspace/cartographer_ws/install/isaac_ros_nova_interfaces:/workspace/cartographer_ws/install/isaac_ros_nitros_bridge_interfaces:/workspace/cartographer_ws/install/isaac_ros_common:/workspace/cartographer_ws/install/isaac_ros_bi3d_interfaces:/workspace/cartographer_ws/install/isaac_ros_apriltag_interfaces:/workspace/cartographer_ws/install/control_msgs:/workspace/cartographer_ws/install/cartographer_ros_msgs:/workspace/cartographer_ws/install/cartographer:/workspace/cartographer_ws/install/absl:/workspace/cartographer_ws/install/isaac_ros_test:/opt/ros/humble LD_LIBRARY_PATH=/workspaces/isaac_ros-dev/install/qcar2_interfaces/lib:${LD_LIBRARY_PATH} PYTHONPATH=/workspaces/isaac_ros-dev/install/qcar2_interfaces/lib/python3.8/site-packages:${PYTHONPATH} _=/usr/bin/env /usr/bin/cmake --build /workspaces/isaac_ros-dev/build/qcar2_nodes -- -j28 -l28
[2.256s] [  6%] [32mBuilding CXX object CMakeFiles/lidar.dir/src/lidar.cpp.o[0m
[2.258s] [ 12%] [32mBuilding CXX object CMakeFiles/fixed_lidar_frame.dir/src/fixed_lidar_frame.cpp.o[0m
[2.258s] [ 18%] [32mBuilding CXX object CMakeFiles/csi.dir/src/csi.cpp.o[0m
[2.258s] [ 25%] [32mBuilding CXX object CMakeFiles/nav2_qcar2_converter.dir/src/nav2_qcar_command_convert.cpp.o[0m
[2.259s] [ 31%] [32mBuilding CXX object CMakeFiles/rgbd.dir/src/rgbd.cpp.o[0m
[2.259s] [ 37%] [32mBuilding CXX object CMakeFiles/qcar2_hardware.dir/src/qcar2_hardware.cpp.o[0m
[2.259s] [ 43%] [32mBuilding CXX object CMakeFiles/fixed_lidar_frame_virtual.dir/src/fixed_lidar_frame_virtual.cpp.o[0m
[2.259s] [ 50%] [32mBuilding CXX object CMakeFiles/command.dir/src/command.cpp.o[0m
[4.668s] [ 56%] [32m[1mLinking CXX executable csi[0m
[5.045s] [ 62%] [32m[1mLinking CXX executable rgbd[0m
[5.059s] [ 62%] Built target csi
[5.181s] [ 68%] [32m[1mLinking CXX executable fixed_lidar_frame_virtual[0m
[5.183s] [ 75%] [32m[1mLinking CXX executable fixed_lidar_frame[0m
[5.352s] [ 75%] Built target fixed_lidar_frame_virtual
[5.354s] [ 75%] Built target fixed_lidar_frame
[5.370s] [ 81%] [32m[1mLinking CXX executable lidar[0m
[5.413s] [ 81%] Built target rgbd
[5.520s] [ 81%] Built target lidar
[5.598s] [ 87%] [32m[1mLinking CXX executable command[0m
[5.739s] [ 87%] Built target command
[7.708s] [ 93%] [32m[1mLinking CXX executable nav2_qcar2_converter[0m
[7.922s] [ 93%] Built target nav2_qcar2_converter
[9.711s] [100%] [32m[1mLinking CXX executable qcar2_hardware[0m
[10.064s] [100%] Built target qcar2_hardware
[10.069s] Invoked command in '/workspaces/isaac_ros-dev/build/qcar2_nodes' returned '0': AMENT_PREFIX_PATH=/workspaces/isaac_ros-dev/install/qcar2_interfaces:${AMENT_PREFIX_PATH} CMAKE_PREFIX_PATH=/workspaces/isaac_ros-dev/install/qcar2_interfaces:/workspace/cartographer_ws/install/perception_pcl:/workspace/cartographer_ws/install/pcl_ros:/workspace/cartographer_ws/install/cartographer_rviz:/workspace/cartographer_ws/install/cartographer_ros:/workspace/cartographer_ws/install/pcl_conversions:/workspace/cartographer_ws/install/pcl_msgs:/workspace/cartographer_ws/install/isaac_ros_tensor_list_interfaces:/workspace/cartographer_ws/install/isaac_ros_pointcloud_interfaces:/workspace/cartographer_ws/install/isaac_ros_nova_interfaces:/workspace/cartographer_ws/install/isaac_ros_nitros_bridge_interfaces:/workspace/cartographer_ws/install/isaac_ros_common:/workspace/cartographer_ws/install/isaac_ros_bi3d_interfaces:/workspace/cartographer_ws/install/isaac_ros_apriltag_interfaces:/workspace/cartographer_ws/install/control_msgs:/workspace/cartographer_ws/install/cartographer_ros_msgs:/workspace/cartographer_ws/install/cartographer:/workspace/cartographer_ws/install/absl:/workspace/cartographer_ws/install/isaac_ros_test:/opt/ros/humble LD_LIBRARY_PATH=/workspaces/isaac_ros-dev/install/qcar2_interfaces/lib:${LD_LIBRARY_PATH} PYTHONPATH=/workspaces/isaac_ros-dev/install/qcar2_interfaces/lib/python3.8/site-packages:${PYTHONPATH} _=/usr/bin/env /usr/bin/cmake --build /workspaces/isaac_ros-dev/build/qcar2_nodes -- -j28 -l28
[10.353s] Invoking command in '/workspaces/isaac_ros-dev/build/qcar2_nodes': AMENT_PREFIX_PATH=/workspaces/isaac_ros-dev/install/qcar2_interfaces:${AMENT_PREFIX_PATH} CMAKE_PREFIX_PATH=/workspaces/isaac_ros-dev/install/qcar2_interfaces:/workspace/cartographer_ws/install/perception_pcl:/workspace/cartographer_ws/install/pcl_ros:/workspace/cartographer_ws/install/cartographer_rviz:/workspace/cartographer_ws/install/cartographer_ros:/workspace/cartographer_ws/install/pcl_conversions:/workspace/cartographer_ws/install/pcl_msgs:/workspace/cartographer_ws/install/isaac_ros_tensor_list_interfaces:/workspace/cartographer_ws/install/isaac_ros_pointcloud_interfaces:/workspace/cartographer_ws/install/isaac_ros_nova_interfaces:/workspace/cartographer_ws/install/isaac_ros_nitros_bridge_interfaces:/workspace/cartographer_ws/install/isaac_ros_common:/workspace/cartographer_ws/install/isaac_ros_bi3d_interfaces:/workspace/cartographer_ws/install/isaac_ros_apriltag_interfaces:/workspace/cartographer_ws/install/control_msgs:/workspace/cartographer_ws/install/cartographer_ros_msgs:/workspace/cartographer_ws/install/cartographer:/workspace/cartographer_ws/install/absl:/workspace/cartographer_ws/install/isaac_ros_test:/opt/ros/humble LD_LIBRARY_PATH=/workspaces/isaac_ros-dev/install/qcar2_interfaces/lib:${LD_LIBRARY_PATH} PYTHONPATH=/workspaces/isaac_ros-dev/install/qcar2_interfaces/lib/python3.8/site-packages:${PYTHONPATH} _=/usr/bin/env /usr/bin/cmake --install /workspaces/isaac_ros-dev/build/qcar2_nodes
[10.356s] -- Install configuration: ""
[10.356s] -- Installing: /workspaces/isaac_ros-dev/install/qcar2_nodes/lib/qcar2_nodes/qcar2_hardware
[10.358s] -- Set runtime path of "/workspaces/isaac_ros-dev/install/qcar2_nodes/lib/qcar2_nodes/qcar2_hardware" to ""
[10.358s] -- Installing: /workspaces/isaac_ros-dev/install/qcar2_nodes/lib/qcar2_nodes/rgbd
[10.358s] -- Set runtime path of "/workspaces/isaac_ros-dev/install/qcar2_nodes/lib/qcar2_nodes/rgbd" to ""
[10.359s] -- Installing: /workspaces/isaac_ros-dev/install/qcar2_nodes/lib/qcar2_nodes/lidar
[10.359s] -- Set runtime path of "/workspaces/isaac_ros-dev/install/qcar2_nodes/lib/qcar2_nodes/lidar" to ""
[10.359s] -- Installing: /workspaces/isaac_ros-dev/install/qcar2_nodes/lib/qcar2_nodes/csi
[10.359s] -- Set runtime path of "/workspaces/isaac_ros-dev/install/qcar2_nodes/lib/qcar2_nodes/csi" to ""
[10.359s] -- Installing: /workspaces/isaac_ros-dev/install/qcar2_nodes/lib/qcar2_nodes/command
[10.360s] -- Set runtime path of "/workspaces/isaac_ros-dev/install/qcar2_nodes/lib/qcar2_nodes/command" to ""
[10.360s] -- Installing: /workspaces/isaac_ros-dev/install/qcar2_nodes/lib/qcar2_nodes/nav2_qcar2_converter
[10.361s] -- Set runtime path of "/workspaces/isaac_ros-dev/install/qcar2_nodes/lib/qcar2_nodes/nav2_qcar2_converter" to ""
[10.361s] -- Installing: /workspaces/isaac_ros-dev/install/qcar2_nodes/lib/qcar2_nodes/fixed_lidar_frame
[10.361s] -- Set runtime path of "/workspaces/isaac_ros-dev/install/qcar2_nodes/lib/qcar2_nodes/fixed_lidar_frame" to ""
[10.361s] -- Installing: /workspaces/isaac_ros-dev/install/qcar2_nodes/lib/qcar2_nodes/fixed_lidar_frame_virtual
[10.362s] -- Set runtime path of "/workspaces/isaac_ros-dev/install/qcar2_nodes/lib/qcar2_nodes/fixed_lidar_frame_virtual" to ""
[10.362s] -- Up-to-date: /workspaces/isaac_ros-dev/install/qcar2_nodes/share/qcar2_nodes//launch
[10.362s] -- Up-to-date: /workspaces/isaac_ros-dev/install/qcar2_nodes/share/qcar2_nodes//launch/qcar2_manual_drive_launch.py
[10.362s] -- Up-to-date: /workspaces/isaac_ros-dev/install/qcar2_nodes/share/qcar2_nodes//launch/qcar2_slam_and_nav_bringup_launch.py
[10.362s] -- Up-to-date: /workspaces/isaac_ros-dev/install/qcar2_nodes/share/qcar2_nodes//launch/qcar2_virtual_launch.py
[10.362s] -- Up-to-date: /workspaces/isaac_ros-dev/install/qcar2_nodes/share/qcar2_nodes//launch/qcar2_launch.py
[10.362s] -- Up-to-date: /workspaces/isaac_ros-dev/install/qcar2_nodes/share/qcar2_nodes//launch/qcar2_manual_cartographer_launch.py
[10.362s] -- Up-to-date: /workspaces/isaac_ros-dev/install/qcar2_nodes/share/qcar2_nodes//launch/qcar2_slam_and_nav_bringup_virtual_launch.py
[10.363s] -- Up-to-date: /workspaces/isaac_ros-dev/install/qcar2_nodes/share/qcar2_nodes//launch/qcar2_cartographer_virtual_launch.py
[10.363s] -- Up-to-date: /workspaces/isaac_ros-dev/install/qcar2_nodes/share/qcar2_nodes//launch/qcar2_cartographer_launch.py
[10.363s] -- Up-to-date: /workspaces/isaac_ros-dev/install/qcar2_nodes/share/qcar2_nodes//rt_models
[10.363s] -- Up-to-date: /workspaces/isaac_ros-dev/install/qcar2_nodes/share/qcar2_nodes//rt_models/dummy_model
[10.363s] -- Up-to-date: /workspaces/isaac_ros-dev/install/qcar2_nodes/share/qcar2_nodes//config
[10.363s] -- Up-to-date: /workspaces/isaac_ros-dev/install/qcar2_nodes/share/qcar2_nodes//config/qcar2_slam_and_nav_virtual.yaml
[10.363s] -- Up-to-date: /workspaces/isaac_ros-dev/install/qcar2_nodes/share/qcar2_nodes//config/qcar2_2d.lua
[10.364s] -- Up-to-date: /workspaces/isaac_ros-dev/install/qcar2_nodes/share/qcar2_nodes//config/qcar2_slam_and_nav.yaml
[10.364s] -- Installing: /workspaces/isaac_ros-dev/install/qcar2_nodes/share/ament_index/resource_index/package_run_dependencies/qcar2_nodes
[10.364s] -- Installing: /workspaces/isaac_ros-dev/install/qcar2_nodes/share/ament_index/resource_index/parent_prefix_path/qcar2_nodes
[10.364s] -- Installing: /workspaces/isaac_ros-dev/install/qcar2_nodes/share/qcar2_nodes/environment/ament_prefix_path.sh
[10.364s] -- Installing: /workspaces/isaac_ros-dev/install/qcar2_nodes/share/qcar2_nodes/environment/ament_prefix_path.dsv
[10.365s] -- Installing: /workspaces/isaac_ros-dev/install/qcar2_nodes/share/qcar2_nodes/environment/path.sh
[10.365s] -- Installing: /workspaces/isaac_ros-dev/install/qcar2_nodes/share/qcar2_nodes/environment/path.dsv
[10.365s] -- Installing: /workspaces/isaac_ros-dev/install/qcar2_nodes/share/qcar2_nodes/local_setup.bash
[10.365s] -- Installing: /workspaces/isaac_ros-dev/install/qcar2_nodes/share/qcar2_nodes/local_setup.sh
[10.365s] -- Installing: /workspaces/isaac_ros-dev/install/qcar2_nodes/share/qcar2_nodes/local_setup.zsh
[10.365s] -- Installing: /workspaces/isaac_ros-dev/install/qcar2_nodes/share/qcar2_nodes/local_setup.dsv
[10.365s] -- Installing: /workspaces/isaac_ros-dev/install/qcar2_nodes/share/qcar2_nodes/package.dsv
[10.365s] -- Installing: /workspaces/isaac_ros-dev/install/qcar2_nodes/share/ament_index/resource_index/packages/qcar2_nodes
[10.365s] -- Installing: /workspaces/isaac_ros-dev/install/qcar2_nodes/share/qcar2_nodes/cmake/qcar2_nodesConfig.cmake
[10.365s] -- Installing: /workspaces/isaac_ros-dev/install/qcar2_nodes/share/qcar2_nodes/cmake/qcar2_nodesConfig-version.cmake
[10.365s] -- Up-to-date: /workspaces/isaac_ros-dev/install/qcar2_nodes/share/qcar2_nodes/package.xml
[10.365s] Invoked command in '/workspaces/isaac_ros-dev/build/qcar2_nodes' returned '0': AMENT_PREFIX_PATH=/workspaces/isaac_ros-dev/install/qcar2_interfaces:${AMENT_PREFIX_PATH} CMAKE_PREFIX_PATH=/workspaces/isaac_ros-dev/install/qcar2_interfaces:/workspace/cartographer_ws/install/perception_pcl:/workspace/cartographer_ws/install/pcl_ros:/workspace/cartographer_ws/install/cartographer_rviz:/workspace/cartographer_ws/install/cartographer_ros:/workspace/cartographer_ws/install/pcl_conversions:/workspace/cartographer_ws/install/pcl_msgs:/workspace/cartographer_ws/install/isaac_ros_tensor_list_interfaces:/workspace/cartographer_ws/install/isaac_ros_pointcloud_interfaces:/workspace/cartographer_ws/install/isaac_ros_nova_interfaces:/workspace/cartographer_ws/install/isaac_ros_nitros_bridge_interfaces:/workspace/cartographer_ws/install/isaac_ros_common:/workspace/cartographer_ws/install/isaac_ros_bi3d_interfaces:/workspace/cartographer_ws/install/isaac_ros_apriltag_interfaces:/workspace/cartographer_ws/install/control_msgs:/workspace/cartographer_ws/install/cartographer_ros_msgs:/workspace/cartographer_ws/install/cartographer:/workspace/cartographer_ws/install/absl:/workspace/cartographer_ws/install/isaac_ros_test:/opt/ros/humble LD_LIBRARY_PATH=/workspaces/isaac_ros-dev/install/qcar2_interfaces/lib:${LD_LIBRARY_PATH} PYTHONPATH=/workspaces/isaac_ros-dev/install/qcar2_interfaces/lib/python3.8/site-packages:${PYTHONPATH} _=/usr/bin/env /usr/bin/cmake --install /workspaces/isaac_ros-dev/build/qcar2_nodes
