[0.667s] Invoking command in '/workspaces/isaac_ros-dev/ros2/src/qcar2_autonomy': AMENT_PREFIX_PATH=/workspaces/isaac_ros-dev/install/qcar2_interfaces:${AMENT_PREFIX_PATH} CMAKE_PREFIX_PATH=/workspaces/isaac_ros-dev/install/qcar2_interfaces:${CMAKE_PREFIX_PATH} LD_LIBRARY_PATH=/workspaces/isaac_ros-dev/install/qcar2_interfaces/lib:${LD_LIBRARY_PATH} PYTHONPATH=/workspaces/isaac_ros-dev/build/qcar2_autonomy/prefix_override:/workspaces/isaac_ros-dev/install/qcar2_autonomy/lib/python3.8/site-packages:/workspaces/isaac_ros-dev/install/qcar2_interfaces/lib/python3.8/site-packages:${PYTHONPATH} _=/usr/bin/env /usr/bin/python3 setup.py egg_info --egg-base ../../../build/qcar2_autonomy build --build-base /workspaces/isaac_ros-dev/build/qcar2_autonomy/build install --record /workspaces/isaac_ros-dev/build/qcar2_autonomy/install.log --single-version-externally-managed
[0.870s] running egg_info
[0.870s] creating ../../../build/qcar2_autonomy/qcar2_autonomy.egg-info
[0.876s] writing ../../../build/qcar2_autonomy/qcar2_autonomy.egg-info/PKG-INFO
[0.877s] writing dependency_links to ../../../build/qcar2_autonomy/qcar2_autonomy.egg-info/dependency_links.txt
[0.877s] writing entry points to ../../../build/qcar2_autonomy/qcar2_autonomy.egg-info/entry_points.txt
[0.877s] writing requirements to ../../../build/qcar2_autonomy/qcar2_autonomy.egg-info/requires.txt
[0.877s] writing top-level names to ../../../build/qcar2_autonomy/qcar2_autonomy.egg-info/top_level.txt
[0.877s] writing manifest file '../../../build/qcar2_autonomy/qcar2_autonomy.egg-info/SOURCES.txt'
[0.889s] reading manifest file '../../../build/qcar2_autonomy/qcar2_autonomy.egg-info/SOURCES.txt'
[0.890s] writing manifest file '../../../build/qcar2_autonomy/qcar2_autonomy.egg-info/SOURCES.txt'
[0.890s] running build
[0.890s] running build_py
[0.890s] creating /workspaces/isaac_ros-dev/build/qcar2_autonomy/build
[0.890s] creating /workspaces/isaac_ros-dev/build/qcar2_autonomy/build/lib
[0.890s] creating /workspaces/isaac_ros-dev/build/qcar2_autonomy/build/lib/autonomy
[0.890s] copying autonomy/nav_to_pose.py -> /workspaces/isaac_ros-dev/build/qcar2_autonomy/build/lib/autonomy
[0.890s] copying autonomy/trip_planner.py -> /workspaces/isaac_ros-dev/build/qcar2_autonomy/build/lib/autonomy
[0.890s] copying autonomy/__init__.py -> /workspaces/isaac_ros-dev/build/qcar2_autonomy/build/lib/autonomy
[0.890s] copying autonomy/traffic_system_detector.py -> /workspaces/isaac_ros-dev/build/qcar2_autonomy/build/lib/autonomy
[0.890s] copying autonomy/lane_detector.py -> /workspaces/isaac_ros-dev/build/qcar2_autonomy/build/lib/autonomy
[0.890s] copying autonomy/yolo_detector.py -> /workspaces/isaac_ros-dev/build/qcar2_autonomy/build/lib/autonomy
[0.890s] running install
[0.893s] running install_lib
[0.899s] creating /workspaces/isaac_ros-dev/install/qcar2_autonomy/lib/python3.8/site-packages/autonomy
[0.899s] copying /workspaces/isaac_ros-dev/build/qcar2_autonomy/build/lib/autonomy/nav_to_pose.py -> /workspaces/isaac_ros-dev/install/qcar2_autonomy/lib/python3.8/site-packages/autonomy
[0.899s] copying /workspaces/isaac_ros-dev/build/qcar2_autonomy/build/lib/autonomy/trip_planner.py -> /workspaces/isaac_ros-dev/install/qcar2_autonomy/lib/python3.8/site-packages/autonomy
[0.899s] copying /workspaces/isaac_ros-dev/build/qcar2_autonomy/build/lib/autonomy/__init__.py -> /workspaces/isaac_ros-dev/install/qcar2_autonomy/lib/python3.8/site-packages/autonomy
[0.900s] copying /workspaces/isaac_ros-dev/build/qcar2_autonomy/build/lib/autonomy/traffic_system_detector.py -> /workspaces/isaac_ros-dev/install/qcar2_autonomy/lib/python3.8/site-packages/autonomy
[0.900s] copying /workspaces/isaac_ros-dev/build/qcar2_autonomy/build/lib/autonomy/lane_detector.py -> /workspaces/isaac_ros-dev/install/qcar2_autonomy/lib/python3.8/site-packages/autonomy
[0.900s] copying /workspaces/isaac_ros-dev/build/qcar2_autonomy/build/lib/autonomy/yolo_detector.py -> /workspaces/isaac_ros-dev/install/qcar2_autonomy/lib/python3.8/site-packages/autonomy
[0.900s] byte-compiling /workspaces/isaac_ros-dev/install/qcar2_autonomy/lib/python3.8/site-packages/autonomy/nav_to_pose.py to nav_to_pose.cpython-38.pyc
[0.902s] byte-compiling /workspaces/isaac_ros-dev/install/qcar2_autonomy/lib/python3.8/site-packages/autonomy/trip_planner.py to trip_planner.cpython-38.pyc
[0.903s] byte-compiling /workspaces/isaac_ros-dev/install/qcar2_autonomy/lib/python3.8/site-packages/autonomy/__init__.py to __init__.cpython-38.pyc
[0.903s] byte-compiling /workspaces/isaac_ros-dev/install/qcar2_autonomy/lib/python3.8/site-packages/autonomy/traffic_system_detector.py to traffic_system_detector.cpython-38.pyc
[0.904s] byte-compiling /workspaces/isaac_ros-dev/install/qcar2_autonomy/lib/python3.8/site-packages/autonomy/lane_detector.py to lane_detector.cpython-38.pyc
[0.905s] byte-compiling /workspaces/isaac_ros-dev/install/qcar2_autonomy/lib/python3.8/site-packages/autonomy/yolo_detector.py to yolo_detector.cpython-38.pyc
[0.905s] running install_data
[0.912s] running install_egg_info
[0.918s] Copying ../../../build/qcar2_autonomy/qcar2_autonomy.egg-info to /workspaces/isaac_ros-dev/install/qcar2_autonomy/lib/python3.8/site-packages/qcar2_autonomy-0.0.0-py3.8.egg-info
[0.919s] running install_scripts
[0.951s] Installing lane_detector script to /workspaces/isaac_ros-dev/install/qcar2_autonomy/lib/qcar2_autonomy
[0.951s] Installing path_follower script to /workspaces/isaac_ros-dev/install/qcar2_autonomy/lib/qcar2_autonomy
[0.951s] Installing traffic_system_detector script to /workspaces/isaac_ros-dev/install/qcar2_autonomy/lib/qcar2_autonomy
[0.951s] Installing trip_planner script to /workspaces/isaac_ros-dev/install/qcar2_autonomy/lib/qcar2_autonomy
[0.951s] Installing yolo_detector script to /workspaces/isaac_ros-dev/install/qcar2_autonomy/lib/qcar2_autonomy
[0.951s] writing list of installed files to '/workspaces/isaac_ros-dev/build/qcar2_autonomy/install.log'
[0.971s] Invoked command in '/workspaces/isaac_ros-dev/ros2/src/qcar2_autonomy' returned '0': AMENT_PREFIX_PATH=/workspaces/isaac_ros-dev/install/qcar2_interfaces:${AMENT_PREFIX_PATH} CMAKE_PREFIX_PATH=/workspaces/isaac_ros-dev/install/qcar2_interfaces:${CMAKE_PREFIX_PATH} LD_LIBRARY_PATH=/workspaces/isaac_ros-dev/install/qcar2_interfaces/lib:${LD_LIBRARY_PATH} PYTHONPATH=/workspaces/isaac_ros-dev/build/qcar2_autonomy/prefix_override:/workspaces/isaac_ros-dev/install/qcar2_autonomy/lib/python3.8/site-packages:/workspaces/isaac_ros-dev/install/qcar2_interfaces/lib/python3.8/site-packages:${PYTHONPATH} _=/usr/bin/env /usr/bin/python3 setup.py egg_info --egg-base ../../../build/qcar2_autonomy build --build-base /workspaces/isaac_ros-dev/build/qcar2_autonomy/build install --record /workspaces/isaac_ros-dev/build/qcar2_autonomy/install.log --single-version-externally-managed
