[0.775s] Invoking command in '/workspaces/isaac_ros-dev/ros2/src/qcar2_autonomy': AMENT_PREFIX_PATH=/workspaces/isaac_ros-dev/install/qcar2_interfaces:${AMENT_PREFIX_PATH} CMAKE_PREFIX_PATH=/workspaces/isaac_ros-dev/install/qcar2_interfaces:${CMAKE_PREFIX_PATH} LD_LIBRARY_PATH=/workspaces/isaac_ros-dev/install/qcar2_interfaces/lib:${LD_LIBRARY_PATH} PYTHONPATH=/workspaces/isaac_ros-dev/build/qcar2_autonomy/prefix_override:/workspaces/isaac_ros-dev/install/qcar2_autonomy/lib/python3.8/site-packages:/workspaces/isaac_ros-dev/install/qcar2_interfaces/lib/python3.8/site-packages:${PYTHONPATH} /usr/bin/python3 setup.py egg_info --egg-base ../../../build/qcar2_autonomy build --build-base /workspaces/isaac_ros-dev/build/qcar2_autonomy/build install --record /workspaces/isaac_ros-dev/build/qcar2_autonomy/install.log --single-version-externally-managed
[0.990s] running egg_info
[0.997s] writing ../../../build/qcar2_autonomy/qcar2_autonomy.egg-info/PKG-INFO
[0.997s] writing dependency_links to ../../../build/qcar2_autonomy/qcar2_autonomy.egg-info/dependency_links.txt
[0.997s] writing entry points to ../../../build/qcar2_autonomy/qcar2_autonomy.egg-info/entry_points.txt
[0.997s] writing requirements to ../../../build/qcar2_autonomy/qcar2_autonomy.egg-info/requires.txt
[0.997s] writing top-level names to ../../../build/qcar2_autonomy/qcar2_autonomy.egg-info/top_level.txt
[1.011s] reading manifest file '../../../build/qcar2_autonomy/qcar2_autonomy.egg-info/SOURCES.txt'
[1.011s] writing manifest file '../../../build/qcar2_autonomy/qcar2_autonomy.egg-info/SOURCES.txt'
[1.011s] running build
[1.011s] running build_py
[1.012s] copying autonomy/trip_planner.py -> /workspaces/isaac_ros-dev/build/qcar2_autonomy/build/lib/autonomy
[1.012s] running install
[1.015s] running install_lib
[1.022s] copying /workspaces/isaac_ros-dev/build/qcar2_autonomy/build/lib/autonomy/trip_planner.py -> /workspaces/isaac_ros-dev/install/qcar2_autonomy/lib/python3.8/site-packages/autonomy
[1.022s] byte-compiling /workspaces/isaac_ros-dev/install/qcar2_autonomy/lib/python3.8/site-packages/autonomy/trip_planner.py to trip_planner.cpython-38.pyc
[1.024s] running install_data
[1.031s] copying launch/autonomy_planner_launch.py -> /workspaces/isaac_ros-dev/install/qcar2_autonomy/share/qcar2_autonomy/launch
[1.031s] running install_egg_info
[1.038s] removing '/workspaces/isaac_ros-dev/install/qcar2_autonomy/lib/python3.8/site-packages/qcar2_autonomy-0.0.0-py3.8.egg-info' (and everything under it)
[1.038s] Copying ../../../build/qcar2_autonomy/qcar2_autonomy.egg-info to /workspaces/isaac_ros-dev/install/qcar2_autonomy/lib/python3.8/site-packages/qcar2_autonomy-0.0.0-py3.8.egg-info
[1.039s] running install_scripts
[1.074s] Installing lane_detector script to /workspaces/isaac_ros-dev/install/qcar2_autonomy/lib/qcar2_autonomy
[1.074s] Installing path_follower script to /workspaces/isaac_ros-dev/install/qcar2_autonomy/lib/qcar2_autonomy
[1.074s] Installing traffic_system_detector script to /workspaces/isaac_ros-dev/install/qcar2_autonomy/lib/qcar2_autonomy
[1.075s] Installing trip_planner script to /workspaces/isaac_ros-dev/install/qcar2_autonomy/lib/qcar2_autonomy
[1.075s] Installing yolo_detector script to /workspaces/isaac_ros-dev/install/qcar2_autonomy/lib/qcar2_autonomy
[1.075s] writing list of installed files to '/workspaces/isaac_ros-dev/build/qcar2_autonomy/install.log'
[1.098s] Invoked command in '/workspaces/isaac_ros-dev/ros2/src/qcar2_autonomy' returned '0': AMENT_PREFIX_PATH=/workspaces/isaac_ros-dev/install/qcar2_interfaces:${AMENT_PREFIX_PATH} CMAKE_PREFIX_PATH=/workspaces/isaac_ros-dev/install/qcar2_interfaces:${CMAKE_PREFIX_PATH} LD_LIBRARY_PATH=/workspaces/isaac_ros-dev/install/qcar2_interfaces/lib:${LD_LIBRARY_PATH} PYTHONPATH=/workspaces/isaac_ros-dev/build/qcar2_autonomy/prefix_override:/workspaces/isaac_ros-dev/install/qcar2_autonomy/lib/python3.8/site-packages:/workspaces/isaac_ros-dev/install/qcar2_interfaces/lib/python3.8/site-packages:${PYTHONPATH} /usr/bin/python3 setup.py egg_info --egg-base ../../../build/qcar2_autonomy build --build-base /workspaces/isaac_ros-dev/build/qcar2_autonomy/build install --record /workspaces/isaac_ros-dev/build/qcar2_autonomy/install.log --single-version-externally-managed
